{"level":"info","message":"GET request was received with a body"}
{"level":"info","message":"GET request was received with a body"}
{"level":"info","message":"GET request was received with a body"}
{"level":"info","message":"GET request was received with a body"}
{"endpoint":"/todo","error_code":400,"ip":"::1","level":"info","method":"GET","query":{},"timestamp":"2024-04-04T18:08:19.145Z"}
{"level":"info","message":"GET request was received with a body"}
{"endpoint":"/todo","error_code":400,"ip":"::1","level":"info","method":"GET","query":{},"timestamp":"2024-04-04T18:08:26.740Z"}
{"level":"info","message":"GET request was received with a body"}
{"endpoint":"/todo","error_code":400,"ip":"::1","level":"info","method":"GET","query":{},"timestamp":"2024-04-04T18:25:15.372Z"}
{"level":"info","message":"GET request was received with a body"}
{"endpoint":"/todo","error_code":400,"ip":"::1","level":"info","method":"GET","query":{},"timestamp":"2024-04-04T18:25:48.652Z"}
{"endpoint":"/","error_code":400,"ip":"::1","level":"info","method":"POST","query":{},"timestamp":"2024-04-04T18:28:59.632Z"}
{"endpoint":"/","error_code":400,"ip":"::1","level":"info","method":"GET","query":{},"timestamp":"2024-04-04T18:29:01.880Z"}
{"endpoint":"/","error_code":400,"ip":"::1","level":"info","method":"DELETE","query":{},"timestamp":"2024-04-04T18:29:04.668Z"}
{"endpoint":"/","error_code":400,"ip":"::1","level":"info","method":"GET","query":{},"timestamp":"2024-04-04T18:29:06.574Z"}
{"endpoint":"/","error_code":400,"ip":"::1","level":"info","method":"DELETE","query":{},"timestamp":"2024-04-04T18:29:26.234Z"}
{"endpoint":"/","error_code":400,"ip":"::1","level":"info","method":"DELETE","query":{},"timestamp":"2024-04-04T18:29:28.930Z"}
{"endpoint":"/","error_code":400,"ip":"::1","level":"info","method":"GET","query":{},"timestamp":"2024-04-04T18:29:30.960Z"}
{"endpoint":"/","error_code":400,"ip":"::1","level":"info","method":"DELETE","query":{},"timestamp":"2024-04-04T18:34:16.404Z"}
{"endpoint":"/","error_code":400,"ip":"::1","level":"info","method":"GET","query":{},"timestamp":"2024-04-04T18:34:19.817Z"}
{"endpoint":"/","error_code":400,"ip":"::1","level":"info","method":"POST","query":{},"timestamp":"2024-04-04T18:34:27.232Z"}
{"endpoint":"/","error_code":400,"ip":"::1","level":"info","method":"GET","query":{},"timestamp":"2024-04-04T18:34:31.111Z"}
{"endpoint":"/","error_code":400,"ip":"::1","level":"info","method":"DELETE","query":{},"timestamp":"2024-04-04T18:34:38.993Z"}
{"endpoint":"/","error_code":400,"ip":"::1","level":"info","method":"GET","query":{},"timestamp":"2024-04-04T18:34:40.623Z"}
{"endpoint":"/","error_code":400,"ip":"::1","level":"info","method":"DELETE","query":{},"timestamp":"2024-04-04T18:35:31.251Z"}
{"endpoint":"/","error_code":400,"ip":"::1","level":"info","method":"GET","query":{},"timestamp":"2024-04-04T18:35:33.088Z"}
{"endpoint":"/","error_code":400,"ip":"::1","level":"info","method":"POST","query":{},"timestamp":"2024-04-04T18:39:28.692Z"}
{"endpoint":"/","error_code":400,"ip":"::1","level":"info","method":"GET","query":{},"timestamp":"2024-04-04T18:39:32.050Z"}
{"endpoint":"/","error_code":400,"ip":"::1","level":"info","method":"DELETE","query":{},"timestamp":"2024-04-04T18:39:38.904Z"}
{"endpoint":"/","error_code":400,"ip":"::1","level":"info","method":"GET","query":{},"timestamp":"2024-04-04T18:39:41.372Z"}
{"endpoint":"/","error_code":400,"ip":"::1","level":"info","method":"POST","query":{},"timestamp":"2024-04-04T18:41:25.465Z"}
{"endpoint":"/","error_code":400,"ip":"::1","level":"info","method":"GET","query":{},"timestamp":"2024-04-04T18:41:27.562Z"}
{"endpoint":"/","error_code":400,"ip":"::1","level":"info","method":"DELETE","query":{},"timestamp":"2024-04-04T18:41:32.641Z"}
{"endpoint":"/","error_code":400,"ip":"::1","level":"info","method":"GET","query":{},"timestamp":"2024-04-04T18:41:35.111Z"}
{"endpoint":"/","error_code":400,"ip":"::1","level":"info","method":"GET","query":{},"timestamp":"2024-04-04T18:43:07.096Z"}
{"endpoint":"/","error_code":400,"ip":"::1","level":"info","method":"GET","query":{},"timestamp":"2024-04-04T18:43:07.517Z"}
{"endpoint":"/","error_code":400,"ip":"::1","level":"info","method":"GET","query":{},"timestamp":"2024-04-04T18:43:07.922Z"}
{"body":{},"endpoint":"/todo","ip":"::1","level":"info","method":"GET","path_paramters":{"0":"todo"},"query_parameters":{},"timestamp":"2024-04-04T19:19:08.649Z"}
{"body":{},"endpoint":"/todo","ip":"::1","level":"info","method":"GET","path_paramters":{"0":"todo"},"query_parameters":{},"timestamp":"2024-04-04T19:22:29.039Z"}
{"body":{"list":[{"todo":"Eat more breads"},{"todo":"Eat more pasta"},{"todo":"Eat more cheese"},{"todo":"Eat more sugar"},{"todo":"Eat more carbs"},{"todo":"Eat more pasta"}]},"endpoint":"/todo","ip":"::1","level":"info","method":"POST","path_paramters":{"0":"todo"},"query_parameters":{},"timestamp":"2024-04-04T19:22:40.881Z"}
{"body":{},"endpoint":"/todo","ip":"::1","level":"info","method":"GET","path_paramters":{"0":"todo"},"query_parameters":{},"timestamp":"2024-04-04T19:22:42.952Z"}
{"body":{},"endpoint":"/todo","ip":"::1","level":"info","method":"GET","path_paramters":{"0":"todo"},"query_parameters":{},"timestamp":"2024-04-04T19:22:46.249Z"}
{"body":{"list":[{"todo":"Eat more breads"},{"todo":"Eat more pasta"},{"todo":"Eat more cheese"},{"todo":"Eat more sugar"},{"todo":"Eat more carbs"},{"todo":"Eat more pasta"}]},"endpoint":"/todo","ip":"::1","level":"info","method":"POST","path_paramters":{"0":"todo"},"query_parameters":{},"timestamp":"2024-04-04T23:58:30.035Z"}
{"body":{"virus":"242"},"endpoint":"/todo","ip":"::1","level":"info","method":"GET","path_paramters":{"0":"todo"},"query_parameters":{},"timestamp":"2024-04-04T23:58:33.258Z"}
{"body":{"virus":"242"},"endpoint":"/todo","error":400,"ip":"::1","level":"info","message":"Request body is not permitted","method":"GET","path_paramters":{},"query_parameters":{},"timestamp":"2024-04-04T23:58:33.258Z"}
{"body":{},"endpoint":"/todo","ip":"::1","level":"info","method":"GET","path_paramters":{"0":"todo"},"query_parameters":{},"timestamp":"2024-04-04T23:58:43.833Z"}
{"body":{"todo":"hello_world"},"endpoint":"/todo/7","ip":"::1","level":"info","method":"DELETE","path_paramters":{"0":"todo/7"},"query_parameters":{},"timestamp":"2024-04-04T23:59:03.554Z"}
{"body":{"todo":"hello_world"},"endpoint":"/todo/7","ip":"::1","level":"info","method":"DELETE","path_paramters":{"0":"todo/7"},"query_parameters":{"david":"l","daw":"fa"},"timestamp":"2024-04-05T00:03:53.152Z"}
{"body":{"todo":"hello_world"},"endpoint":"/todo/7","error":400,"ip":"::1","level":"info","message":"Query Parameters do not meet requirements","method":"DELETE","path_paramters":{"id":"7"},"query_parameters":{"david":"l","daw":"fa"},"timestamp":"2024-04-05T00:03:53.156Z"}
{"body":{},"endpoint":"/todo/7","ip":"::1","level":"info","method":"DELETE","path_paramters":{"0":"todo/7"},"query_parameters":{"david":"l","daw":"fa"},"timestamp":"2024-04-05T00:03:59.895Z"}
{"body":{},"endpoint":"/todo/7","error":400,"ip":"::1","level":"info","message":"Query Parameters do not meet requirements","method":"DELETE","path_paramters":{"id":"7"},"query_parameters":{"david":"l","daw":"fa"},"timestamp":"2024-04-05T00:03:59.895Z"}
{"body":{},"endpoint":"/todo/7","ip":"::1","level":"info","method":"DELETE","path_paramters":{"0":"todo/7"},"query_parameters":{"david":"lwq1"},"timestamp":"2024-04-05T00:18:02.449Z"}
{"body":{},"endpoint":"/todo/7","error":400,"ip":"::1","level":"info","message":"Query Parameters do not meet requirements","method":"DELETE","path_paramters":{"id":"7"},"query_parameters":{"david":"lwq1"},"timestamp":"2024-04-05T00:18:02.455Z"}
{"body":{},"endpoint":"/todo/7","ip":"::1","level":"info","method":"DELETE","path_paramters":{"0":"todo/7"},"query_parameters":{"id":"fanafa"},"timestamp":"2024-04-05T00:18:28.354Z"}
{"body":{},"endpoint":"/todo/7","error":400,"ip":"::1","level":"info","message":"id provided is not a number","method":"DELETE","path_paramters":{"id":"7"},"query_parameters":{"id":"fanafa"},"timestamp":"2024-04-05T00:18:28.355Z"}
{"body":{"list":[{"todo":"Eat more breads"},{"todo":"Eat more pasta"},{"todo":"Eat more cheese"},{"todo":"Eat more sugar"},{"todo":"Eat more carbs"},{"todo":"Eat more pasta"}]},"endpoint":"/todo","ip":"::1","level":"info","method":"POST","path_paramters":{"0":"todo"},"query_parameters":{},"timestamp":"2024-04-05T00:23:38.021Z"}
{"body":{"list":[{"todo":"Eat more breads"},{"todo":"Eat more pasta"},{"todo":"Eat more cheese"},{"todo":"Eat more sugar"},{"todo":"Eat more carbs"},{"todo":"Eat more pasta"}]},"endpoint":"/todo","error":400,"ip":"::1","level":"info","message":"Request body is not permitted","method":"POST","path_paramters":{},"query_parameters":{},"timestamp":"2024-04-05T00:23:38.025Z"}
{"body":{"list":[{"todo":"Eat more breads"},{"todo":"Eat more pasta"},{"todo":"Eat more cheese"},{"todo":"Eat more sugar"},{"todo":"Eat more carbs"},{"todo":"Eat more pasta"}]},"endpoint":"/todo","ip":"::1","level":"info","method":"POST","path_paramters":{"0":"todo"},"query_parameters":{"qw":"qw","qwq":"qw"},"timestamp":"2024-04-05T00:25:46.699Z"}
{"body":{"list":[{"todo":"Eat more breads"},{"todo":"Eat more pasta"},{"todo":"Eat more cheese"},{"todo":"Eat more sugar"},{"todo":"Eat more carbs"},{"todo":"Eat more pasta"}]},"endpoint":"/todo","error":400,"ip":"::1","level":"info","message":"Query Parameters do not meet requirements","method":"POST","path_paramters":{},"query_parameters":{"qw":"qw","qwq":"qw"},"timestamp":"2024-04-05T00:25:46.701Z"}
{"body":{"list":[{"todo":"Eat more breads"},{"todo":"Eat more pasta"},{"todo":"Eat more cheese"},{"todo":"Eat more sugar"},{"todo":"Eat more carbs"},{"todo":"Eat more pasta"}]},"endpoint":"/todo","ip":"::1","level":"info","method":"POST","path_paramters":{"0":"todo"},"query_parameters":{"id":"fwa"},"timestamp":"2024-04-05T00:27:43.017Z"}
{"body":{"list":[{"todo":"Eat more breads"},{"todo":"Eat more pasta"},{"todo":"Eat more cheese"},{"todo":"Eat more sugar"},{"todo":"Eat more carbs"},{"todo":"Eat more pasta"}]},"endpoint":"/todo","error":400,"ip":"::1","level":"info","message":"id provided is not a number","method":"POST","path_paramters":{},"query_parameters":{"id":"fwa"},"timestamp":"2024-04-05T00:27:43.020Z"}
{"body":{"list":[{"todo":"Eat more breads"},{"todo":"Eat more pasta"},{"todo":"Eat more cheese"},{"todo":"Eat more sugar"},{"todo":"Eat more carbs"},{"todo":"Eat more pasta"}]},"endpoint":"/todo","ip":"::1","level":"info","method":"POST","path_paramters":{"0":"todo"},"query_parameters":{"id":"1"},"timestamp":"2024-04-05T00:27:49.332Z"}
{"body":{"complete":""},"endpoint":"/todo/1","ip":"::1","level":"info","method":"PATCH","path_paramters":{"0":"todo/1"},"query_parameters":{},"timestamp":"2024-04-05T00:28:07.017Z"}
{"body":{},"endpoint":"/todo","ip":"::1","level":"info","method":"GET","path_paramters":{"0":"todo"},"query_parameters":{},"timestamp":"2024-04-05T00:28:12.163Z"}
{"body":{"completed":"true"},"endpoint":"/todo/1","ip":"::1","level":"info","method":"PUT","path_paramters":{"0":"todo/1"},"query_parameters":{},"timestamp":"2024-04-05T00:28:23.110Z"}
{"body":{},"endpoint":"/todo","ip":"::1","level":"info","method":"GET","path_paramters":{"0":"todo"},"query_parameters":{},"timestamp":"2024-04-05T00:28:25.198Z"}
{"body":{"completed":"true"},"endpoint":"/todo/1","ip":"::1","level":"info","method":"PUT","path_paramters":{"0":"todo/1"},"query_parameters":{},"timestamp":"2024-04-05T00:35:24.700Z"}
{"body":{},"endpoint":"/todo","ip":"::1","level":"info","method":"GET","path_paramters":{"0":"todo"},"query_parameters":{},"timestamp":"2024-04-05T00:35:28.687Z"}
{"body":{"list":[{"todo":"Eat more breads"},{"todo":"Eat more pasta"},{"todo":"Eat more cheese"},{"todo":"Eat more sugar"},{"todo":"Eat more carbs"},{"todo":"Eat more pasta"}]},"endpoint":"/todo","ip":"::1","level":"info","method":"POST","path_paramters":{"0":"todo"},"query_parameters":{"id":"1"},"timestamp":"2024-04-05T00:35:45.536Z"}
{"body":{},"endpoint":"/todo","ip":"::1","level":"info","method":"GET","path_paramters":{"0":"todo"},"query_parameters":{},"timestamp":"2024-04-05T00:35:49.085Z"}
{"body":{"completed":"true"},"endpoint":"/todo/1","ip":"::1","level":"info","method":"PUT","path_paramters":{"0":"todo/1"},"query_parameters":{},"timestamp":"2024-04-05T00:35:56.723Z"}
{"body":{},"endpoint":"/todo","ip":"::1","level":"info","method":"GET","path_paramters":{"0":"todo"},"query_parameters":{},"timestamp":"2024-04-05T00:35:59.058Z"}
{"body":{"completed":"true"},"endpoint":"/todo/1","ip":"::1","level":"info","method":"PUT","path_paramters":{"0":"todo/1"},"query_parameters":{"afa":["awfa","afa"]},"timestamp":"2024-04-05T00:36:18.423Z"}
{"body":{"completed":"true"},"endpoint":"/todo/","ip":"::1","level":"info","method":"PUT","path_paramters":{"0":"todo/"},"query_parameters":{"afa":["awfa","afa"]},"timestamp":"2024-04-05T00:36:28.054Z"}
{"body":{"completed":"true"},"endpoint":"/todo/1","ip":"::1","level":"info","method":"PUT","path_paramters":{"0":"todo/1"},"query_parameters":{"afa":["awfa","afa"]},"timestamp":"2024-04-05T00:36:31.492Z"}
{"body":{},"endpoint":"/todo","ip":"::1","level":"info","method":"GET","path_paramters":{"0":"todo"},"query_parameters":{},"timestamp":"2024-04-05T00:36:35.346Z"}
{"body":{"completed":"true"},"endpoint":"/todo/1","ip":"::1","level":"info","method":"PUT","path_paramters":{"0":"todo/1"},"query_parameters":{"afa":["awfa","afa"]},"timestamp":"2024-04-05T00:36:38.772Z"}
{"body":{"completed":"true"},"endpoint":"/todo/1","ip":"::1","level":"info","method":"PUT","path_paramters":{"0":"todo/1"},"query_parameters":{"afa":["awfa","afa"]},"timestamp":"2024-04-05T00:36:39.535Z"}
{"body":{"completed":"true"},"endpoint":"/todo/1","ip":"::1","level":"info","method":"PUT","path_paramters":{"0":"todo/1"},"query_parameters":{"afa":["awfa","afa"]},"timestamp":"2024-04-05T00:36:53.447Z"}
{"body":{},"endpoint":"/todo","ip":"::1","level":"info","method":"GET","path_paramters":{"0":"todo"},"query_parameters":{},"timestamp":"2024-04-05T00:37:10.816Z"}
{"body":{"completed":"true"},"endpoint":"/todo/1","ip":"::1","level":"info","method":"PUT","path_paramters":{"0":"todo/1"},"query_parameters":{"afa":["awfa","afa"]},"timestamp":"2024-04-05T00:37:14.492Z"}
{"body":{"completed":"true"},"endpoint":"/todo/2","ip":"::1","level":"info","method":"PUT","path_paramters":{"0":"todo/2"},"query_parameters":{"afa":["awfa","afa"]},"timestamp":"2024-04-05T00:37:17.677Z"}
{"body":{"list":[{"todo":"Eat more breads"},{"todo":"Eat more pasta"},{"todo":"Eat more cheese"},{"todo":"Eat more sugar"},{"todo":"Eat more carbs"},{"todo":"Eat more pasta"}]},"endpoint":"/todo","ip":"::1","level":"info","method":"POST","path_paramters":{"0":"todo"},"query_parameters":{"id":"1"},"timestamp":"2024-04-05T00:39:32.225Z"}
{"body":{},"endpoint":"/todo","ip":"::1","level":"info","method":"GET","path_paramters":{"0":"todo"},"query_parameters":{},"timestamp":"2024-04-05T00:39:34.262Z"}
{"body":{"completed":"true"},"endpoint":"/todo/2","ip":"::1","level":"info","method":"PUT","path_paramters":{"0":"todo/2"},"query_parameters":{"afa":["awfa","afa"]},"timestamp":"2024-04-05T00:39:37.003Z"}
{"body":{},"endpoint":"/todo/2","ip":"::1","level":"info","method":"PUT","path_paramters":{"0":"todo/2"},"query_parameters":{"afa":["awfa","afa"]},"timestamp":"2024-04-05T00:39:52.517Z"}
{"body":{"list":[{"todo":"Eat more breads"},{"todo":"Eat more pasta"},{"todo":"Eat more cheese"},{"todo":"Eat more sugar"},{"todo":"Eat more carbs"},{"todo":"Eat more pasta"}]},"endpoint":"/todo","ip":"::1","level":"info","method":"POST","path_paramters":{"0":"todo"},"query_parameters":{"id":"1"},"timestamp":"2024-04-05T00:42:07.991Z"}
{"body":{},"endpoint":"/todo","ip":"::1","level":"info","method":"GET","path_paramters":{"0":"todo"},"query_parameters":{},"timestamp":"2024-04-05T00:42:09.911Z"}
{"body":{"completed":"true"},"endpoint":"/todo/2","ip":"::1","level":"info","method":"PUT","path_paramters":{"0":"todo/2"},"query_parameters":{"afa":["awfa","afa"]},"timestamp":"2024-04-05T00:42:14.061Z"}
{"body":{"completed":"true"},"endpoint":"/todo/1","ip":"::1","level":"info","method":"PUT","path_paramters":{"0":"todo/1"},"query_parameters":{},"timestamp":"2024-04-05T00:42:27.116Z"}
{"body":{"completed":"true"},"endpoint":"/todo/2","ip":"::1","level":"info","method":"PUT","path_paramters":{"0":"todo/2"},"query_parameters":{},"timestamp":"2024-04-05T00:42:29.688Z"}
{"body":{"list":[{"todo":"Eat more breads"},{"todo":"Eat more pasta"},{"todo":"Eat more cheese"},{"todo":"Eat more sugar"},{"todo":"Eat more carbs"},{"todo":"Eat more pasta"}]},"endpoint":"/todo","ip":"::1","level":"info","method":"POST","path_paramters":{"0":"todo"},"query_parameters":{"id":"1"},"timestamp":"2024-04-05T00:42:50.147Z"}
{"body":{},"endpoint":"/todo","ip":"::1","level":"info","method":"GET","path_paramters":{"0":"todo"},"query_parameters":{},"timestamp":"2024-04-05T00:42:52.953Z"}
{"body":{"completed":"true"},"endpoint":"/todo/1","ip":"::1","level":"info","method":"PUT","path_paramters":{"0":"todo/1"},"query_parameters":{},"timestamp":"2024-04-05T00:42:57.825Z"}
{"body":{"completed":"true"},"endpoint":"/todo/1","ip":"::1","level":"info","method":"PUT","path_paramters":{"0":"todo/1"},"query_parameters":{"12":"ae","ae":"ea"},"timestamp":"2024-04-05T00:43:07.071Z"}
{"body":{"list":[{"todo":"Eat more breads"},{"todo":"Eat more pasta"},{"todo":"Eat more cheese"},{"todo":"Eat more sugar"},{"todo":"Eat more carbs"},{"todo":"Eat more pasta"}]},"endpoint":"/todo","ip":"::1","level":"info","method":"POST","path_paramters":{"0":"todo"},"query_parameters":{"id":"1"},"timestamp":"2024-04-05T00:44:03.866Z"}
{"body":{},"endpoint":"/todo","ip":"::1","level":"info","method":"GET","path_paramters":{"0":"todo"},"query_parameters":{},"timestamp":"2024-04-05T00:44:18.054Z"}
{"body":{},"endpoint":"/todo/1","ip":"::1","level":"info","method":"DELETE","path_paramters":{"0":"todo/1"},"query_parameters":{},"timestamp":"2024-04-05T00:44:27.045Z"}
{"body":{},"endpoint":"/todo","ip":"::1","level":"info","method":"GET","path_paramters":{"0":"todo"},"query_parameters":{},"timestamp":"2024-04-05T00:44:29.541Z"}
{"body":{"completed":"true"},"endpoint":"/todo/2","ip":"::1","level":"info","method":"PUT","path_paramters":{"0":"todo/2"},"query_parameters":{"12":"ae","ae":"ea"},"timestamp":"2024-04-05T00:44:41.451Z"}
{"body":{"completed":"true"},"endpoint":"/todo/2","error":400,"ip":"::1","level":"info","message":"Query Parameters do not meet requirements","method":"PUT","path_paramters":{"id":"2"},"query_parameters":{"12":"ae","ae":"ea"},"timestamp":"2024-04-05T00:44:41.452Z"}
{"body":{"completed":"true"},"endpoint":"/todo/2","ip":"::1","level":"info","method":"PUT","path_paramters":{"0":"todo/2"},"query_parameters":{"id":"ae"},"timestamp":"2024-04-05T00:46:00.627Z"}
{"body":{},"endpoint":"/todo","ip":"::1","level":"info","method":"GET","path_paramters":{"0":"todo"},"query_parameters":{},"timestamp":"2024-04-05T00:46:06.131Z"}
{"body":{"list":[{"todo":"Eat more breads"},{"todo":"Eat more pasta"},{"todo":"Eat more cheese"},{"todo":"Eat more sugar"},{"todo":"Eat more carbs"},{"todo":"Eat more pasta"}]},"endpoint":"/todo","ip":"::1","level":"info","method":"POST","path_paramters":{"0":"todo"},"query_parameters":{},"timestamp":"2024-04-05T00:46:08.232Z"}
{"body":{},"endpoint":"/todo","ip":"::1","level":"info","method":"GET","path_paramters":{"0":"todo"},"query_parameters":{},"timestamp":"2024-04-05T00:46:09.899Z"}
{"body":{"completed":"true"},"endpoint":"/todo/1","ip":"::1","level":"info","method":"PUT","path_paramters":{"0":"todo/1"},"query_parameters":{"id":"ae"},"timestamp":"2024-04-05T00:46:14.042Z"}
{"body":{"completed":"true"},"endpoint":"/todo/1","ip":"::1","level":"info","method":"PUT","path_paramters":{"0":"todo/1"},"query_parameters":{"aef":"ae"},"timestamp":"2024-04-05T00:46:16.623Z"}
{"body":{"completed":"true"},"endpoint":"/todo/1","error":400,"ip":"::1","level":"info","message":"Query Parameters do not meet requirements","method":"PUT","path_paramters":{"id":"1"},"query_parameters":{"aef":"ae"},"timestamp":"2024-04-05T00:46:16.624Z"}
{"body":{"completed":"true"},"endpoint":"/todo/1","ip":"::1","level":"info","method":"PUT","path_paramters":{"0":"todo/1"},"query_parameters":{"aef":"ae"},"timestamp":"2024-04-05T00:46:27.907Z"}
{"body":{"completed":"true"},"endpoint":"/todo/1","error":400,"ip":"::1","level":"info","message":"Query Parameters do not meet requirements","method":"PUT","path_paramters":{"id":"1"},"query_parameters":{"aef":"ae"},"timestamp":"2024-04-05T00:46:27.908Z"}
{"body":{"list":[{"todo":"Eat more breads"},{"todo":"Eat more pasta"},{"todo":"Eat more cheese"},{"todo":"Eat more sugar"},{"todo":"Eat more carbs"},{"todo":"Eat more pasta"}]},"endpoint":"/todo","ip":"::1","level":"info","method":"POST","path_paramters":{"0":"todo"},"query_parameters":{},"timestamp":"2024-04-05T00:46:33.429Z"}
{"body":{},"endpoint":"/todo","ip":"::1","level":"info","method":"GET","path_paramters":{"0":"todo"},"query_parameters":{},"timestamp":"2024-04-05T00:46:35.247Z"}
{"body":{"completed":"true"},"endpoint":"/todo/1","ip":"::1","level":"info","method":"PUT","path_paramters":{"0":"todo/1"},"query_parameters":{"aef":"ae"},"timestamp":"2024-04-05T00:46:39.625Z"}
{"body":{"completed":"true"},"endpoint":"/todo/1","error":400,"ip":"::1","level":"info","message":"Query Parameters do not meet requirements","method":"PUT","path_paramters":{"id":"1"},"query_parameters":{"aef":"ae"},"timestamp":"2024-04-05T00:46:39.626Z"}
{"body":{"list":[{"todo":"Eat more breads"},{"todo":"Eat more pasta"},{"todo":"Eat more cheese"},{"todo":"Eat more sugar"},{"todo":"Eat more carbs"},{"todo":"Eat more pasta"}]},"endpoint":"/todo","ip":"::1","level":"info","method":"POST","path_paramters":{"0":"todo"},"query_parameters":{},"timestamp":"2024-04-05T00:49:49.965Z"}
{"body":{},"endpoint":"/todo","ip":"::1","level":"info","method":"GET","path_paramters":{"0":"todo"},"query_parameters":{},"timestamp":"2024-04-05T00:49:51.602Z"}
{"body":{"completed":"true"},"endpoint":"/todo/1","ip":"::1","level":"info","method":"PUT","path_paramters":{"0":"todo/1"},"query_parameters":{"aef":"ae"},"timestamp":"2024-04-05T00:49:53.561Z"}
{"body":{"completed":"true"},"endpoint":"/todo/1","error":400,"ip":"::1","level":"info","message":"Query Parameters do not meet requirements","method":"PUT","path_paramters":{"id":"1"},"query_parameters":{"aef":"ae"},"timestamp":"2024-04-05T00:49:53.562Z"}
{"body":{"completed":"true"},"endpoint":"/todo/1","ip":"::1","level":"info","method":"PUT","path_paramters":{"0":"todo/1"},"query_parameters":{"id":"ae"},"timestamp":"2024-04-05T00:50:08.055Z"}
{"body":{"completed":"true"},"endpoint":"/todo/1","error":400,"ip":"::1","level":"info","message":"id provided is not a number","method":"PUT","path_paramters":{"id":"1"},"query_parameters":{"id":"ae"},"timestamp":"2024-04-05T00:50:08.055Z"}
{"body":{"list":[{"todo":"Eat more breads"},{"todo":"Eat more pasta"},{"todo":"Eat more cheese"},{"todo":"Eat more sugar"},{"todo":"Eat more carbs"},{"todo":"Eat more pasta"}]},"endpoint":"/todo","ip":"::1","level":"info","method":"POST","path_paramters":{"0":"todo"},"query_parameters":{},"timestamp":"2024-04-05T00:58:07.714Z"}
{"body":{},"endpoint":"/todo","ip":"::1","level":"info","method":"GET","path_paramters":{"0":"todo"},"query_parameters":{},"timestamp":"2024-04-05T00:58:13.618Z"}
{"body":{},"endpoint":"/todo/2","ip":"::1","level":"info","method":"DELETE","path_paramters":{"0":"todo/2"},"query_parameters":{},"timestamp":"2024-04-05T00:58:18.141Z"}
{"body":{},"endpoint":"/todo","ip":"::1","level":"info","method":"GET","path_paramters":{"0":"todo"},"query_parameters":{},"timestamp":"2024-04-05T00:58:20.463Z"}
{"body":{"completed":"true"},"endpoint":"/todo/1","ip":"::1","level":"info","method":"PUT","path_paramters":{"0":"todo/1"},"query_parameters":{},"timestamp":"2024-04-05T00:58:39.649Z"}
{"body":{},"endpoint":"/todo","ip":"::1","level":"info","method":"GET","path_paramters":{"0":"todo"},"query_parameters":{},"timestamp":"2024-04-05T00:58:41.847Z"}
{"body":{"query":"\n    query IntrospectionQuery {\n      __schema {\n        \n        queryType { name }\n        mutationType { name }\n        subscriptionType { name }\n        types {\n          ...FullType\n        }\n        directives {\n          name\n          description\n          \n          locations\n          args {\n            ...InputValue\n          }\n        }\n      }\n    }\n\n    fragment FullType on __Type {\n      kind\n      name\n      description\n      \n      fields(includeDeprecated: true) {\n        name\n        description\n        args {\n          ...InputValue\n        }\n        type {\n          ...TypeRef\n        }\n        isDeprecated\n        deprecationReason\n      }\n      inputFields {\n        ...InputValue\n      }\n      interfaces {\n        ...TypeRef\n      }\n      enumValues(includeDeprecated: true) {\n        name\n        description\n        isDeprecated\n        deprecationReason\n      }\n      possibleTypes {\n        ...TypeRef\n      }\n    }\n\n    fragment InputValue on __InputValue {\n      name\n      description\n      type { ...TypeRef }\n      defaultValue\n      \n      \n    }\n\n    fragment TypeRef on __Type {\n      kind\n      name\n      ofType {\n        kind\n        name\n        ofType {\n          kind\n          name\n          ofType {\n            kind\n            name\n            ofType {\n              kind\n              name\n              ofType {\n                kind\n                name\n                ofType {\n                  kind\n                  name\n                  ofType {\n                    kind\n                    name\n                  }\n                }\n              }\n            }\n          }\n        }\n      }\n    }\n  "},"endpoint":"/todo/1","ip":"::1","level":"info","method":"POST","path_paramters":{"0":"todo/1"},"query_parameters":{},"timestamp":"2024-04-05T01:24:46.057Z"}
{"body":{"list":[{"todo":"Eat more breads"},{"todo":"Eat more pasta"},{"todo":"Eat more cheese"},{"todo":"Eat more sugar"},{"todo":"Eat more carbs"},{"todo":"Eat more pasta"}]},"endpoint":"/todo","ip":"::1","level":"info","method":"POST","path_paramters":{"0":"todo"},"query_parameters":{},"timestamp":"2024-04-05T01:25:03.477Z"}
